<?xml version="1.0" encoding="UTF-8"?>
<!-- Generated by org.testng.reporters.JUnitXMLReporter -->
<testsuite ignored="0" hostname="M-SHARATH-KUMAR" failures="0" tests="6" name="Test2" time="5.441" errors="0" timestamp="2022-08-18T15:18:34 IST">
  <testcase classname="com.fb.login.postTest" name="postAudioTest" time="0.006"/>
  <testcase classname="com.fb.login.postTest" name="postPicTest" time="0.008"/>
  <testcase classname="com.fb.login.postTest" name="postVideoTest" time="0.001"/>
  <testcase classname="com.fb.login.SignUpTest" name="signUpByEmail" time="0.002"/>
  <testcase classname="com.fb.login.SignUpTest" name="signUpByName" time="0.002"/>
  <testcase classname="com.fb.login.SignUpTest" name="signUpByNo" time="0.001"/>
</testsuite> <!-- Test2 -->
