<?xml version="1.0" encoding="UTF-8"?>
<!-- Generated by org.testng.reporters.JUnitXMLReporter -->
<testsuite ignored="2" hostname="M-SHARATH-KUMAR" failures="0" tests="5" name="Test1" time="6.685" errors="0" timestamp="2022-08-18T15:18:35 IST">
  <testcase classname="com.fb.login.Loggin" name="LogoutTest" time="0.005"/>
  <testcase classname="com.fb.login.Loggin" name="logInByMailAndMNoTest" time="0.002"/>
  <testcase classname="com.fb.login.Loggin" name="logInByMailTest" time="0.001"/>
  <testcase classname="com.fb.login.Loggin" name="loginByNoTest" time="0.001"/>
  <testcase classname="com.fb.login.LikeTest" name="appLike" time="0.002"/>
  <testcase classname="com.crm.trent.genericutility.BaseClass" name="@AfterSuite conAS" time="0.0">
    <ignored/>
  </testcase> <!-- @AfterSuite conAS -->
  <testcase classname="com.crm.trent.genericutility.BaseClass" name="@BeforeSuite conBS" time="0.0">
    <ignored/>
  </testcase> <!-- @BeforeSuite conBS -->
</testsuite> <!-- Test1 -->
