<?xml version="1.0" encoding="UTF-8"?>
<!-- Generated by org.testng.reporters.JUnitXMLReporter -->
<testsuite ignored="0" hostname="M-SHARATH-KUMAR" failures="0" tests="4" name="TestRunner-1" time="0.101" errors="0" timestamp="2022-08-18T15:10:01 IST">
  <testcase classname="com.crm.trent.genericutility.BaseClass" name="@BeforeClass conBC" time="-1.660815601211E9">
    <failure type="org.testng.TestNGException" message="
Can inject only one of &amp;lt;ITestContext, XmlTest&amp;gt; into a @BeforeClass annotated conBC.
For more information on native dependency injection please refer to https://testng.org/doc/documentation-main.html#native-dependency-injection">
      <![CDATA[org.testng.TestNGException: 
Can inject only one of <ITestContext, XmlTest> into a @BeforeClass annotated conBC.
For more information on native dependency injection please refer to https://testng.org/doc/documentation-main.html#native-dependency-injection
at java.base/java.util.ArrayList.forEach(ArrayList.java:1511)
at java.base/java.util.concurrent.FutureTask.run(FutureTask.java:264)
at java.base/java.util.concurrent.ThreadPoolExecutor.runWorker(ThreadPoolExecutor.java:1136)
at java.base/java.util.concurrent.ThreadPoolExecutor$Worker.run(ThreadPoolExecutor.java:635)
at java.base/java.lang.Thread.run(Thread.java:833)
... Removed 13 stack frames]]>
    </failure>
  </testcase> <!-- @BeforeClass conBC -->
  <testcase classname="com.crm.trent.genericutility.BaseClass" name="@BeforeClass conBC" time="-1.660815601211E9">
    <failure type="org.testng.TestNGException" message="
Can inject only one of &amp;lt;ITestContext, XmlTest&amp;gt; into a @BeforeClass annotated conBC.
For more information on native dependency injection please refer to https://testng.org/doc/documentation-main.html#native-dependency-injection">
      <![CDATA[org.testng.TestNGException: 
Can inject only one of <ITestContext, XmlTest> into a @BeforeClass annotated conBC.
For more information on native dependency injection please refer to https://testng.org/doc/documentation-main.html#native-dependency-injection
at java.base/java.util.ArrayList.forEach(ArrayList.java:1511)
at java.base/java.util.concurrent.FutureTask.run(FutureTask.java:264)
at java.base/java.util.concurrent.ThreadPoolExecutor.runWorker(ThreadPoolExecutor.java:1136)
at java.base/java.util.concurrent.ThreadPoolExecutor$Worker.run(ThreadPoolExecutor.java:635)
at java.base/java.lang.Thread.run(Thread.java:833)
... Removed 13 stack frames]]>
    </failure>
  </testcase> <!-- @BeforeClass conBC -->
  <testcase classname="com.crm.trent.genericutility.BaseClass" name="@BeforeMethod conBM" time="-1.660815601239E9">
    <skipped/>
  </testcase> <!-- @BeforeMethod conBM -->
  <testcase classname="com.crm.trent.genericutility.BaseClass" name="@BeforeMethod conBM" time="-1.660815601239E9">
    <skipped/>
  </testcase> <!-- @BeforeMethod conBM -->
  <testcase classname="com.crm.trent.genericutility.BaseClass" name="@AfterMethod conAM" time="-1.660815601248E9">
    <skipped/>
  </testcase> <!-- @AfterMethod conAM -->
  <testcase classname="com.crm.trent.genericutility.BaseClass" name="@AfterMethod conAM" time="-1.660815601249E9">
    <skipped/>
  </testcase> <!-- @AfterMethod conAM -->
  <testcase classname="com.crm.trent.genericutility.BaseClass" name="@BeforeMethod conBM" time="-1.660815601251E9">
    <skipped/>
  </testcase> <!-- @BeforeMethod conBM -->
  <testcase classname="com.crm.trent.genericutility.BaseClass" name="@BeforeMethod conBM" time="-1.660815601252E9">
    <skipped/>
  </testcase> <!-- @BeforeMethod conBM -->
  <testcase classname="com.crm.trent.genericutility.BaseClass" name="@AfterMethod conAM" time="-1.660815601255E9">
    <skipped/>
  </testcase> <!-- @AfterMethod conAM -->
  <testcase classname="com.crm.trent.genericutility.BaseClass" name="@BeforeMethod conBM" time="-1.660815601257E9">
    <skipped/>
  </testcase> <!-- @BeforeMethod conBM -->
  <testcase classname="com.crm.trent.genericutility.BaseClass" name="@AfterMethod conAM" time="-1.660815601262E9">
    <skipped/>
  </testcase> <!-- @AfterMethod conAM -->
  <testcase classname="com.crm.trent.genericutility.BaseClass" name="@AfterMethod conAM" time="-1.660815601258E9">
    <skipped/>
  </testcase> <!-- @AfterMethod conAM -->
  <testcase classname="com.crm.trent.genericutility.BaseClass" name="@BeforeMethod conBM" time="-1.660815601265E9">
    <skipped/>
  </testcase> <!-- @BeforeMethod conBM -->
  <testcase classname="com.crm.trent.genericutility.BaseClass" name="@BeforeMethod conBM" time="-1.660815601265E9">
    <skipped/>
  </testcase> <!-- @BeforeMethod conBM -->
  <testcase classname="com.crm.trent.genericutility.BaseClass" name="@AfterMethod conAM" time="-1.660815601272E9">
    <skipped/>
  </testcase> <!-- @AfterMethod conAM -->
  <testcase classname="com.crm.trent.genericutility.BaseClass" name="@AfterMethod conAM" time="-1.660815601278E9">
    <skipped/>
  </testcase> <!-- @AfterMethod conAM -->
  <testcase classname="com.crm.trent.genericutility.BaseClass" name="@AfterClass conAC" time="-1.660815601279E9">
    <skipped/>
  </testcase> <!-- @AfterClass conAC -->
  <testcase classname="com.crm.trent.genericutility.BaseClass" name="@BeforeMethod conBM" time="-1.660815601282E9">
    <skipped/>
  </testcase> <!-- @BeforeMethod conBM -->
  <testcase classname="com.crm.trent.genericutility.BaseClass" name="@AfterMethod conAM" time="-1.66081560129E9">
    <skipped/>
  </testcase> <!-- @AfterMethod conAM -->
  <testcase classname="com.crm.trent.genericutility.BaseClass" name="@AfterClass conAC" time="-1.660815601294E9">
    <skipped/>
  </testcase> <!-- @AfterClass conAC -->
  <testcase classname="com.fb.login.Loggin" name="LogoutTest" time="0.0">
    <skipped/>
  </testcase> <!-- LogoutTest -->
  <testcase classname="com.fb.login.Loggin" name="logInByMailAndMNoTest" time="0.0">
    <skipped/>
  </testcase> <!-- logInByMailAndMNoTest -->
  <testcase classname="com.fb.login.Loggin" name="logInByMailTest" time="0.0">
    <skipped/>
  </testcase> <!-- logInByMailTest -->
  <testcase classname="com.fb.login.Loggin" name="loginByNoTest" time="0.0">
    <skipped/>
  </testcase> <!-- loginByNoTest -->
</testsuite> <!-- TestRunner-1 -->
