<?xml version="1.0" encoding="UTF-8"?>
<!-- Generated by org.testng.reporters.JUnitXMLReporter -->
<testsuite ignored="0" hostname="M-SHARATH-KUMAR" failures="1" tests="1" name="Test" time="8.088" errors="0" timestamp="2022-08-20T22:25:34 IST">
  <testcase classname="comPractice.Screenshot" name="takePic1" time="7.272">
    <failure type="java.lang.AssertionError" message="expected [b] but found [a]">
      <![CDATA[java.lang.AssertionError: expected [b] but found [a]
at comPractice.Screenshot.takePic1(Screenshot.java:18)
at java.base/java.util.ArrayList.forEach(ArrayList.java:1511)
... Removed 33 stack frames]]>
    </failure>
  </testcase> <!-- takePic1 -->
</testsuite> <!-- Test -->
