<?xml version="1.0" encoding="UTF-8"?>
<!-- Generated by org.testng.reporters.JUnitXMLReporter -->
<testsuite ignored="5" hostname="M-SHARATH-KUMAR" failures="0" tests="2" name="Test" time="0.058" errors="0" timestamp="2022-08-18T12:34:48 IST">
  <testcase classname="comPractice.SignUpTest" name="signUpByEmail" time="0.008"/>
  <testcase classname="com.fb.login.Loggin" name="loginByNoTest" time="0.002"/>
  <testcase classname="comPractice.SignUpTest" name="signUpByNo" time="0.0">
    <ignored/>
  </testcase> <!-- signUpByNo -->
  <testcase classname="com.fb.login.Loggin" name="LogoutTest" time="0.0">
    <ignored/>
  </testcase> <!-- LogoutTest -->
  <testcase classname="com.fb.login.Loggin" name="logInByMailTest" time="0.0">
    <ignored/>
  </testcase> <!-- logInByMailTest -->
  <testcase classname="com.fb.login.Loggin" name="logInByMailAndMNoTest" time="0.0">
    <ignored/>
  </testcase> <!-- logInByMailAndMNoTest -->
  <testcase classname="comPractice.SignUpTest" name="signUpByName" time="0.0">
    <ignored/>
  </testcase> <!-- signUpByName -->
</testsuite> <!-- Test -->
