<?xml version="1.0" encoding="UTF-8"?>
<!-- Generated by org.testng.reporters.JUnitXMLReporter -->
<testsuite ignored="0" hostname="M-SHARATH-KUMAR" failures="0" tests="3" name="TestRunner-1" time="0.079" errors="0" timestamp="2022-08-17T21:45:42 IST">
  <testcase classname="com.fb.login.Loggin" name="LogoutTest" time="0.014"/>
  <testcase classname="com.fb.login.Loggin" name="logInByMailTest" time="0.001"/>
  <testcase classname="com.fb.login.Loggin" name="loginByNoTest" time="0.003"/>
</testsuite> <!-- TestRunner-1 -->
