<?xml version="1.0" encoding="UTF-8"?>
<!-- Generated by org.testng.reporters.JUnitXMLReporter -->
<testsuite ignored="0" hostname="M-SHARATH-KUMAR" failures="0" tests="3" name="TestRunner-2" time="0.079" errors="0" timestamp="2022-08-17T21:45:42 IST">
  <testcase classname="com.fb.login.postTest" name="postAudioTest" time="0.014"/>
  <testcase classname="com.fb.login.postTest" name="postPicTest" time="0.002"/>
  <testcase classname="com.fb.login.postTest" name="postVideoTest" time="0.002"/>
</testsuite> <!-- TestRunner-2 -->
