<?xml version="1.0" encoding="UTF-8"?>
<!-- Generated by org.testng.reporters.JUnitXMLReporter -->
<testsuite ignored="4" hostname="M-SHARATH-KUMAR" failures="0" tests="2" name="Test" time="0.072" errors="0" timestamp="2022-08-17T15:50:32 IST">
  <testcase classname="com.fb.login.postTest" name="postPicTest" time="0.008"/>
  <testcase classname="com.fb.login.SignUpTest" name="signUpByName" time="0.002"/>
  <testcase classname="com.fb.login.SignUpTest" name="signUpByNo" time="0.0">
    <ignored/>
  </testcase> <!-- signUpByNo -->
  <testcase classname="com.fb.login.postTest" name="postVideoTest" time="0.0">
    <ignored/>
  </testcase> <!-- postVideoTest -->
  <testcase classname="com.fb.login.postTest" name="postAudioTest" time="0.0">
    <ignored/>
  </testcase> <!-- postAudioTest -->
  <testcase classname="com.fb.login.SignUpTest" name="signUpByEmail" time="0.0">
    <ignored/>
  </testcase> <!-- signUpByEmail -->
</testsuite> <!-- Test -->
