<?xml version="1.0" encoding="UTF-8"?>
<!-- Generated by org.testng.reporters.JUnitXMLReporter -->
<testsuite ignored="6" hostname="M-SHARATH-KUMAR" failures="0" tests="3" name="Test" time="0.054" errors="0" timestamp="2022-08-17T13:32:28 IST">
  <testcase classname="com.fb.login.Loggin" name="loginByNoTest" time="0.006"/>
  <testcase classname="com.fb.login.postTest" name="postVideoTest" time="0.001"/>
  <testcase classname="com.fb.login.SignUpTest" name="signUpByEmail" time="0.002"/>
  <testcase classname="com.fb.login.postTest" name="postPicTest" time="0.0">
    <ignored/>
  </testcase> <!-- postPicTest -->
  <testcase classname="com.fb.login.SignUpTest" name="signUpByNo" time="0.0">
    <ignored/>
  </testcase> <!-- signUpByNo -->
  <testcase classname="com.fb.login.Loggin" name="LogoutTest" time="0.0">
    <ignored/>
  </testcase> <!-- LogoutTest -->
  <testcase classname="com.fb.login.Loggin" name="logInByMailTest" time="0.0">
    <ignored/>
  </testcase> <!-- logInByMailTest -->
  <testcase classname="com.fb.login.postTest" name="postAudioTest" time="0.0">
    <ignored/>
  </testcase> <!-- postAudioTest -->
  <testcase classname="com.fb.login.SignUpTest" name="signUpByName" time="0.0">
    <ignored/>
  </testcase> <!-- signUpByName -->
</testsuite> <!-- Test -->
