<?xml version="1.0" encoding="UTF-8"?>
<!-- Generated by org.testng.reporters.JUnitXMLReporter -->
<testsuite ignored="1" hostname="M-SHARATH-KUMAR" failures="0" tests="2" name="Test" time="0.067" errors="0" timestamp="2022-08-17T15:07:52 IST">
  <testcase classname="com.fb.login.postTest" name="postPicTest" time="0.011"/>
  <testcase classname="com.fb.login.postTest" name="postAudioTest" time="0.001"/>
  <testcase classname="com.fb.login.postTest" name="postVideoTest" time="0.0">
    <ignored/>
  </testcase> <!-- postVideoTest -->
</testsuite> <!-- Test -->
