<?xml version="1.0" encoding="UTF-8"?>
<!-- Generated by org.testng.reporters.JUnitXMLReporter -->
<testsuite ignored="0" hostname="M-SHARATH-KUMAR" failures="0" tests="9" name="Test" time="3.045" errors="0" timestamp="2022-08-17T13:25:24 IST">
  <testcase classname="com.fb.login.Loggin" name="LogoutTest" time="0.007"/>
  <testcase classname="com.fb.login.Loggin" name="logInByMailTest" time="0.002"/>
  <testcase classname="com.fb.login.Loggin" name="loginByNoTest" time="0.001"/>
  <testcase classname="com.fb.login.postTest" name="postAudioTest" time="0.002"/>
  <testcase classname="com.fb.login.postTest" name="postPicTest" time="0.002"/>
  <testcase classname="com.fb.login.postTest" name="postVideoTest" time="0.001"/>
  <testcase classname="com.fb.login.SignUpTest" name="signUpByEmail" time="0.001"/>
  <testcase classname="com.fb.login.SignUpTest" name="signUpByName" time="0.001"/>
  <testcase classname="com.fb.login.SignUpTest" name="signUpByNo" time="0.002"/>
</testsuite> <!-- Test -->
